<?xml version="1.0" encoding="UTF-8"?>
<!-- Generated by org.testng.reporters.JUnitReportReporter -->
<testsuite skipped="0" hostname="Syeds-MBP.hitronhub.home" name="testPageObject.TestText" tests="1" failures="0" timestamp="10 Nov 2017 16:42:46 GMT" time="5.505" errors="0">
  <testcase name="searchItems" time="5.505" classname="testPageObject.TestText"/>
</testsuite> <!-- testPageObject.TestText -->
