<?xml version="1.0" encoding="UTF-8"?>
<!-- Generated by org.testng.reporters.JUnitReportReporter -->
<testsuite skipped="0" hostname="mozzamels-Air.home" name="testPageObject.TestText" tests="1" failures="0" timestamp="05 Nov 2017 18:29:09 GMT" time="30.073" errors="0">
  <testcase name="clickBy" time="30.073" classname="testPageObject.TestText"/>
</testsuite> <!-- testPageObject.TestText -->
